Determining if the pthread_create exist failed with the following output:
Change Dir: /home/tharun/projects/cs393r_starter/build/CMakeFiles/CMakeTmp

Run Build Command:"/usr/bin/make" "cmTC_14296/fast"
make[1]: Entering directory '/home/tharun/projects/cs393r_starter/build/CMakeFiles/CMakeTmp'
/usr/bin/make -f CMakeFiles/cmTC_14296.dir/build.make CMakeFiles/cmTC_14296.dir/build
make[2]: Entering directory '/home/tharun/projects/cs393r_starter/build/CMakeFiles/CMakeTmp'
Building C object CMakeFiles/cmTC_14296.dir/CheckSymbolExists.c.o
/usr/bin/gcc    -o CMakeFiles/cmTC_14296.dir/CheckSymbolExists.c.o   -c /home/tharun/projects/cs393r_starter/build/CMakeFiles/CMakeTmp/CheckSymbolExists.c
Linking C executable cmTC_14296
/home/tharun/.local/lib/python3.6/site-packages/cmake/data/bin/cmake -E cmake_link_script CMakeFiles/cmTC_14296.dir/link.txt --verbose=1
/usr/bin/gcc      -rdynamic CMakeFiles/cmTC_14296.dir/CheckSymbolExists.c.o  -o cmTC_14296 
CMakeFiles/cmTC_14296.dir/CheckSymbolExists.c.o: In function `main':
CheckSymbolExists.c:(.text+0x1b): undefined reference to `pthread_create'
collect2: error: ld returned 1 exit status
CMakeFiles/cmTC_14296.dir/build.make:86: recipe for target 'cmTC_14296' failed
make[2]: *** [cmTC_14296] Error 1
make[2]: Leaving directory '/home/tharun/projects/cs393r_starter/build/CMakeFiles/CMakeTmp'
Makefile:121: recipe for target 'cmTC_14296/fast' failed
make[1]: *** [cmTC_14296/fast] Error 2
make[1]: Leaving directory '/home/tharun/projects/cs393r_starter/build/CMakeFiles/CMakeTmp'

File /home/tharun/projects/cs393r_starter/build/CMakeFiles/CMakeTmp/CheckSymbolExists.c:
/* */
#include <pthread.h>

int main(int argc, char** argv)
{
  (void)argv;
#ifndef pthread_create
  return ((int*)(&pthread_create))[argc];
#else
  (void)argc;
  return 0;
#endif
}

Determining if the function pthread_create exists in the pthreads failed with the following output:
Change Dir: /home/tharun/projects/cs393r_starter/build/CMakeFiles/CMakeTmp

Run Build Command:"/usr/bin/make" "cmTC_32c66/fast"
make[1]: Entering directory '/home/tharun/projects/cs393r_starter/build/CMakeFiles/CMakeTmp'
/usr/bin/make -f CMakeFiles/cmTC_32c66.dir/build.make CMakeFiles/cmTC_32c66.dir/build
make[2]: Entering directory '/home/tharun/projects/cs393r_starter/build/CMakeFiles/CMakeTmp'
Building C object CMakeFiles/cmTC_32c66.dir/CheckFunctionExists.c.o
/usr/bin/gcc   -DCHECK_FUNCTION_EXISTS=pthread_create   -o CMakeFiles/cmTC_32c66.dir/CheckFunctionExists.c.o   -c /home/tharun/.local/lib/python3.6/site-packages/cmake/data/share/cmake-3.13/Modules/CheckFunctionExists.c
Linking C executable cmTC_32c66
/home/tharun/.local/lib/python3.6/site-packages/cmake/data/bin/cmake -E cmake_link_script CMakeFiles/cmTC_32c66.dir/link.txt --verbose=1
/usr/bin/gcc  -DCHECK_FUNCTION_EXISTS=pthread_create    -rdynamic CMakeFiles/cmTC_32c66.dir/CheckFunctionExists.c.o  -o cmTC_32c66 -lpthreads 
/usr/bin/ld: cannot find -lpthreads
collect2: error: ld returned 1 exit status
CMakeFiles/cmTC_32c66.dir/build.make:86: recipe for target 'cmTC_32c66' failed
make[2]: *** [cmTC_32c66] Error 1
make[2]: Leaving directory '/home/tharun/projects/cs393r_starter/build/CMakeFiles/CMakeTmp'
Makefile:121: recipe for target 'cmTC_32c66/fast' failed
make[1]: *** [cmTC_32c66/fast] Error 2
make[1]: Leaving directory '/home/tharun/projects/cs393r_starter/build/CMakeFiles/CMakeTmp'


